<?xml version="1.0" encoding="UTF-8"?>
<TestRun id="42aeb38f-55f9-4872-9079-1bdde036a7d3" name="Alex@TOWER 2012-08-03 20:20:11" runUser="Tower\Alex" xmlns="http://microsoft.com/schemas/VisualStudio/TeamTest/2010">
  <TestSettings name="Local" id="803e2eb8-9811-4de3-8653-f3e8e434dd72">
    <Description>These are default test settings for a local test run.</Description>
    <Deployment enabled="false" runDeploymentRoot="Alex_TOWER 2012-08-03 20_20_11">
      <DeploymentItem filename="C:\Labs\eBay\Utility\Utility\bin\Debug\Utility.dll" />
    </Deployment>
    <Execution>
      <TestTypeSpecific />
      <AgentRule name="Execution Agents">
      </AgentRule>
    </Execution>
  </TestSettings>
  <Times creation="2012-08-03T20:20:11.7183928-04:00" queuing="2012-08-03T20:20:12.8654584-04:00" start="2012-08-03T20:20:12.9164614-04:00" finish="2012-08-03T20:20:14.3985461-04:00" />
  <ResultSummary outcome="Completed">
    <Counters total="1" executed="1" passed="1" error="0" failed="0" timeout="0" aborted="0" inconclusive="0" passedButRunAborted="0" notRunnable="0" notExecuted="0" disconnected="0" warning="0" completed="0" inProgress="0" pending="0" />
  </ResultSummary>
  <TestDefinitions>
    <UnitTest name="TestMethod1" storage="c:\labs\ebay\utility\utility.test\bin\debug\utility.test.dll" id="5f9347c0-35cc-1ad1-3d13-24ed0c7f58f0">
      <Execution id="298dbd15-7083-4777-8729-6da0ddad48c4" />
      <TestMethod codeBase="C:/Labs/eBay/Utility/Utility.Test/bin/Debug/Utility.Test.DLL" adapterTypeName="Microsoft.VisualStudio.TestTools.TestTypes.Unit.UnitTestAdapter, Microsoft.VisualStudio.QualityTools.Tips.UnitTest.Adapter, Version=10.0.0.0, Culture=neutral, PublicKeyToken=b03f5f7f11d50a3a" className="Utility.Test.UnitTest1, Utility.Test, Version=1.0.0.0, Culture=neutral, PublicKeyToken=null" name="TestMethod1" />
    </UnitTest>
  </TestDefinitions>
  <TestLists>
    <TestList name="Results Not in a List" id="8c84fa94-04c1-424b-9868-57a2d4851a1d" />
    <TestList name="All Loaded Results" id="19431567-8539-422a-85d7-44ee4e166bda" />
  </TestLists>
  <TestEntries>
    <TestEntry testId="5f9347c0-35cc-1ad1-3d13-24ed0c7f58f0" executionId="298dbd15-7083-4777-8729-6da0ddad48c4" testListId="8c84fa94-04c1-424b-9868-57a2d4851a1d" />
  </TestEntries>
  <Results>
    <UnitTestResult executionId="298dbd15-7083-4777-8729-6da0ddad48c4" testId="5f9347c0-35cc-1ad1-3d13-24ed0c7f58f0" testName="TestMethod1" computerName="TOWER" duration="00:00:00.1319880" startTime="2012-08-03T20:20:12.9524634-04:00" endTime="2012-08-03T20:20:14.3245419-04:00" testType="13cdc9d9-ddb5-4fa4-a97d-d965ccfc6d4b" outcome="Passed" testListId="8c84fa94-04c1-424b-9868-57a2d4851a1d" relativeResultsDirectory="298dbd15-7083-4777-8729-6da0ddad48c4">
      <Output>
        <DebugTrace>8/3/2012 8:20:14 PM:	This is a test</DebugTrace>
      </Output>
    </UnitTestResult>
  </Results>
</TestRun>