<?xml version="1.0" encoding="UTF-8"?>
<TestRun id="1da1b18f-5c99-468d-99e0-876eeda1a033" name="Alex@ALEX-PC 2011-09-24 21:12:32" runUser="Alex-PC\Alex" xmlns="http://microsoft.com/schemas/VisualStudio/TeamTest/2010">
  <TestSettings name="Local" id="1fdfb5ef-346c-4332-abe8-550a27ec68da">
    <Description>These are default test settings for a local test run.</Description>
    <Deployment enabled="false" runDeploymentRoot="Alex_ALEX-PC 2011-09-24 21_12_32">
      <DeploymentItem filename="C:\Labs\MVC\RegMaster\RegMaster.Data\bin\Debug\RegMaster.Data.dll" />
    </Deployment>
    <Execution>
      <TestTypeSpecific />
      <AgentRule name="Execution Agents">
      </AgentRule>
    </Execution>
  </TestSettings>
  <Times creation="2011-09-24T21:12:32.9137490-07:00" queuing="2011-09-24T21:12:33.1307614-07:00" start="2011-09-24T21:12:33.1597631-07:00" finish="2011-09-24T21:12:33.7047943-07:00" />
  <ResultSummary outcome="Failed">
    <Counters total="2" executed="2" error="0" failed="2" timeout="0" aborted="0" inconclusive="0" passedButRunAborted="0" notRunnable="0" notExecuted="0" disconnected="0" warning="0" passed="0" completed="0" inProgress="0" pending="0" />
  </ResultSummary>
  <TestDefinitions>
    <UnitTest name="Product_Discount_Amount_IsValid" storage="c:\labs\mvc\regmaster\regmaster.tests\bin\debug\regmaster.tests.dll" id="0d532201-f912-9407-3f8e-524967e4a4ac">
      <Execution id="4d5bfc36-2c63-4c06-b257-56596cc69627" />
      <TestMethod codeBase="C:/Labs/MVC/RegMaster/RegMaster.Tests/bin/Debug/RegMaster.Tests.DLL" adapterTypeName="Microsoft.VisualStudio.TestTools.TestTypes.Unit.UnitTestAdapter, Microsoft.VisualStudio.QualityTools.Tips.UnitTest.Adapter, Version=10.0.0.0, Culture=neutral, PublicKeyToken=b03f5f7f11d50a3a" className="RegMaster.Tests.CatalogTests, RegMaster.Tests, Version=1.0.0.0, Culture=neutral, PublicKeyToken=null" name="Product_Discount_Amount_IsValid" />
    </UnitTest>
    <UnitTest name="Product_Discount_Price_Is_Valid" storage="c:\labs\mvc\regmaster\regmaster.tests\bin\debug\regmaster.tests.dll" id="59e6dfca-3962-0ca6-8e38-13896fa7c89f">
      <Execution id="c0039433-bf79-4bf0-91f7-99b734e01e34" />
      <TestMethod codeBase="C:/Labs/MVC/RegMaster/RegMaster.Tests/bin/Debug/RegMaster.Tests.DLL" adapterTypeName="Microsoft.VisualStudio.TestTools.TestTypes.Unit.UnitTestAdapter, Microsoft.VisualStudio.QualityTools.Tips.UnitTest.Adapter, Version=10.0.0.0, Culture=neutral, PublicKeyToken=b03f5f7f11d50a3a" className="RegMaster.Tests.CatalogTests, RegMaster.Tests, Version=1.0.0.0, Culture=neutral, PublicKeyToken=null" name="Product_Discount_Price_Is_Valid" />
    </UnitTest>
  </TestDefinitions>
  <TestLists>
    <TestList name="Results Not in a List" id="8c84fa94-04c1-424b-9868-57a2d4851a1d" />
    <TestList name="All Loaded Results" id="19431567-8539-422a-85d7-44ee4e166bda" />
  </TestLists>
  <TestEntries>
    <TestEntry testId="0d532201-f912-9407-3f8e-524967e4a4ac" executionId="4d5bfc36-2c63-4c06-b257-56596cc69627" testListId="8c84fa94-04c1-424b-9868-57a2d4851a1d" />
    <TestEntry testId="59e6dfca-3962-0ca6-8e38-13896fa7c89f" executionId="c0039433-bf79-4bf0-91f7-99b734e01e34" testListId="8c84fa94-04c1-424b-9868-57a2d4851a1d" />
  </TestEntries>
  <Results>
    <UnitTestResult executionId="4d5bfc36-2c63-4c06-b257-56596cc69627" testId="0d532201-f912-9407-3f8e-524967e4a4ac" testName="Product_Discount_Amount_IsValid" computerName="ALEX-PC" duration="00:00:00.0617191" startTime="2011-09-24T21:12:33.1727638-07:00" endTime="2011-09-24T21:12:33.6477910-07:00" testType="13cdc9d9-ddb5-4fa4-a97d-d965ccfc6d4b" outcome="Failed" testListId="8c84fa94-04c1-424b-9868-57a2d4851a1d" relativeResultsDirectory="4d5bfc36-2c63-4c06-b257-56596cc69627">
      <Output>
        <ErrorInfo>
          <Message>Assert.AreEqual failed. Expected:&lt;60&gt;. Actual:&lt;0&gt;. </Message>
          <StackTrace>   at RegMaster.Tests.CatalogTests.Product_Discount_Amount_IsValid() in C:\Labs\MVC\RegMaster\RegMaster.Tests\Catalogtests.cs:line 20
</StackTrace>
        </ErrorInfo>
      </Output>
    </UnitTestResult>
    <UnitTestResult executionId="c0039433-bf79-4bf0-91f7-99b734e01e34" testId="59e6dfca-3962-0ca6-8e38-13896fa7c89f" testName="Product_Discount_Price_Is_Valid" computerName="ALEX-PC" duration="00:00:00.0104960" startTime="2011-09-24T21:12:33.6607917-07:00" endTime="2011-09-24T21:12:33.6797928-07:00" testType="13cdc9d9-ddb5-4fa4-a97d-d965ccfc6d4b" outcome="Failed" testListId="8c84fa94-04c1-424b-9868-57a2d4851a1d" relativeResultsDirectory="c0039433-bf79-4bf0-91f7-99b734e01e34">
      <Output>
        <ErrorInfo>
          <Message>Test method RegMaster.Tests.CatalogTests.Product_Discount_Price_Is_Valid threw exception: 
System.NotImplementedException: The method or operation is not implemented.</Message>
          <StackTrace>    at RegMaster.Data.Product.get_DiscountPrice() in C:\Labs\MVC\RegMaster\RegMaster.Data\Product.cs:line 46
   at RegMaster.Tests.CatalogTests.Product_Discount_Price_Is_Valid() in C:\Labs\MVC\RegMaster\RegMaster.Tests\Catalogtests.cs:line 30
</StackTrace>
        </ErrorInfo>
      </Output>
    </UnitTestResult>
  </Results>
</TestRun>