<?xml version="1.0" encoding="UTF-8"?>
<TestRun id="033647f8-0d7e-40b3-b580-27a2f8b9ab87" name="Alex@ALEX-PC 2011-09-24 21:57:22" runUser="Alex-PC\Alex" xmlns="http://microsoft.com/schemas/VisualStudio/TeamTest/2010">
  <TestSettings name="Local" id="1fdfb5ef-346c-4332-abe8-550a27ec68da">
    <Description>These are default test settings for a local test run.</Description>
    <Deployment enabled="false" runDeploymentRoot="Alex_ALEX-PC 2011-09-24 21_57_22">
      <DeploymentItem filename="C:\Labs\MVC\RegMaster\RegMaster.Services\bin\Debug\RegMaster.Services.dll" />
      <DeploymentItem filename="C:\Labs\MVC\RegMaster\RegMaster.Data\bin\Debug\RegMaster.Data.dll" />
    </Deployment>
    <Execution>
      <TestTypeSpecific />
      <AgentRule name="Execution Agents">
      </AgentRule>
    </Execution>
  </TestSettings>
  <Times creation="2011-09-24T21:57:22.2265689-07:00" queuing="2011-09-24T21:57:22.3205743-07:00" start="2011-09-24T21:57:22.3915783-07:00" finish="2011-09-24T21:57:23.0116138-07:00" />
  <ResultSummary outcome="Failed">
    <Counters total="5" executed="5" passed="4" error="0" failed="1" timeout="0" aborted="0" inconclusive="0" passedButRunAborted="0" notRunnable="0" notExecuted="0" disconnected="0" warning="0" completed="0" inProgress="0" pending="0" />
  </ResultSummary>
  <TestDefinitions>
    <UnitTest name="CatalogRepository_Repository_Is_Not_Null" storage="c:\labs\mvc\regmaster\regmaster.tests\bin\debug\regmaster.tests.dll" id="3e0b0710-a9c8-35e7-9650-856398ddf9c7">
      <Execution id="310993c3-93be-4623-9b6a-9bcd859fc6e7" />
      <TestMethod codeBase="C:/Labs/MVC/RegMaster/RegMaster.Tests/bin/Debug/RegMaster.Tests.DLL" adapterTypeName="Microsoft.VisualStudio.TestTools.TestTypes.Unit.UnitTestAdapter, Microsoft.VisualStudio.QualityTools.Tips.UnitTest.Adapter, Version=10.0.0.0, Culture=neutral, PublicKeyToken=b03f5f7f11d50a3a" className="RegMaster.Tests.CatalogTests, RegMaster.Tests, Version=1.0.0.0, Culture=neutral, PublicKeyToken=null" name="CatalogRepository_Repository_Is_Not_Null" />
    </UnitTest>
    <UnitTest name="CatalogService_Can_Group_ParentCategories" storage="c:\labs\mvc\regmaster\regmaster.tests\bin\debug\regmaster.tests.dll" id="c616abf1-35de-1028-dc15-a046c608af9a">
      <Execution id="d0fbf50c-7694-4600-b5d1-dab1915950e4" />
      <TestMethod codeBase="C:/Labs/MVC/RegMaster/RegMaster.Tests/bin/Debug/RegMaster.Tests.DLL" adapterTypeName="Microsoft.VisualStudio.TestTools.TestTypes.Unit.UnitTestAdapter, Microsoft.VisualStudio.QualityTools.Tips.UnitTest.Adapter, Version=10.0.0.0, Culture=neutral, PublicKeyToken=b03f5f7f11d50a3a" className="RegMaster.Tests.CatalogTests, RegMaster.Tests, Version=1.0.0.0, Culture=neutral, PublicKeyToken=null" name="CatalogService_Can_Group_ParentCategories" />
    </UnitTest>
    <UnitTest name="Product_Discount_Price_Is_Valid" storage="c:\labs\mvc\regmaster\regmaster.tests\bin\debug\regmaster.tests.dll" id="59e6dfca-3962-0ca6-8e38-13896fa7c89f">
      <Execution id="7123aa9b-42d5-496b-a4ff-b2fbd7245b14" />
      <TestMethod codeBase="C:/Labs/MVC/RegMaster/RegMaster.Tests/bin/Debug/RegMaster.Tests.DLL" adapterTypeName="Microsoft.VisualStudio.TestTools.TestTypes.Unit.UnitTestAdapter, Microsoft.VisualStudio.QualityTools.Tips.UnitTest.Adapter, Version=10.0.0.0, Culture=neutral, PublicKeyToken=b03f5f7f11d50a3a" className="RegMaster.Tests.CatalogTests, RegMaster.Tests, Version=1.0.0.0, Culture=neutral, PublicKeyToken=null" name="Product_Discount_Price_Is_Valid" />
    </UnitTest>
    <UnitTest name="Product_Discount_Amount_IsValid" storage="c:\labs\mvc\regmaster\regmaster.tests\bin\debug\regmaster.tests.dll" id="0d532201-f912-9407-3f8e-524967e4a4ac">
      <Execution id="aa2c49a7-6e91-495e-9500-cc501a6fc161" />
      <TestMethod codeBase="C:/Labs/MVC/RegMaster/RegMaster.Tests/bin/Debug/RegMaster.Tests.DLL" adapterTypeName="Microsoft.VisualStudio.TestTools.TestTypes.Unit.UnitTestAdapter, Microsoft.VisualStudio.QualityTools.Tips.UnitTest.Adapter, Version=10.0.0.0, Culture=neutral, PublicKeyToken=b03f5f7f11d50a3a" className="RegMaster.Tests.CatalogTests, RegMaster.Tests, Version=1.0.0.0, Culture=neutral, PublicKeyToken=null" name="Product_Discount_Amount_IsValid" />
    </UnitTest>
    <UnitTest name="CatalogService_Can_Get_Categories_From_Repository" storage="c:\labs\mvc\regmaster\regmaster.tests\bin\debug\regmaster.tests.dll" id="4045b84d-3b46-3f2a-9ef0-b22dbd3f1875">
      <Execution id="796a776a-febf-4695-9396-0bc0fe95d5b5" />
      <TestMethod codeBase="C:/Labs/MVC/RegMaster/RegMaster.Tests/bin/Debug/RegMaster.Tests.DLL" adapterTypeName="Microsoft.VisualStudio.TestTools.TestTypes.Unit.UnitTestAdapter, Microsoft.VisualStudio.QualityTools.Tips.UnitTest.Adapter, Version=10.0.0.0, Culture=neutral, PublicKeyToken=b03f5f7f11d50a3a" className="RegMaster.Tests.CatalogTests, RegMaster.Tests, Version=1.0.0.0, Culture=neutral, PublicKeyToken=null" name="CatalogService_Can_Get_Categories_From_Repository" />
    </UnitTest>
  </TestDefinitions>
  <TestLists>
    <TestList name="Results Not in a List" id="8c84fa94-04c1-424b-9868-57a2d4851a1d" />
    <TestList name="All Loaded Results" id="19431567-8539-422a-85d7-44ee4e166bda" />
  </TestLists>
  <TestEntries>
    <TestEntry testId="0d532201-f912-9407-3f8e-524967e4a4ac" executionId="aa2c49a7-6e91-495e-9500-cc501a6fc161" testListId="8c84fa94-04c1-424b-9868-57a2d4851a1d" />
    <TestEntry testId="59e6dfca-3962-0ca6-8e38-13896fa7c89f" executionId="7123aa9b-42d5-496b-a4ff-b2fbd7245b14" testListId="8c84fa94-04c1-424b-9868-57a2d4851a1d" />
    <TestEntry testId="3e0b0710-a9c8-35e7-9650-856398ddf9c7" executionId="310993c3-93be-4623-9b6a-9bcd859fc6e7" testListId="8c84fa94-04c1-424b-9868-57a2d4851a1d" />
    <TestEntry testId="4045b84d-3b46-3f2a-9ef0-b22dbd3f1875" executionId="796a776a-febf-4695-9396-0bc0fe95d5b5" testListId="8c84fa94-04c1-424b-9868-57a2d4851a1d" />
    <TestEntry testId="c616abf1-35de-1028-dc15-a046c608af9a" executionId="d0fbf50c-7694-4600-b5d1-dab1915950e4" testListId="8c84fa94-04c1-424b-9868-57a2d4851a1d" />
  </TestEntries>
  <Results>
    <UnitTestResult executionId="aa2c49a7-6e91-495e-9500-cc501a6fc161" testId="0d532201-f912-9407-3f8e-524967e4a4ac" testName="Product_Discount_Amount_IsValid" computerName="ALEX-PC" duration="00:00:00.0394547" startTime="2011-09-24T21:57:22.3935785-07:00" endTime="2011-09-24T21:57:22.8746060-07:00" testType="13cdc9d9-ddb5-4fa4-a97d-d965ccfc6d4b" outcome="Passed" testListId="8c84fa94-04c1-424b-9868-57a2d4851a1d" relativeResultsDirectory="aa2c49a7-6e91-495e-9500-cc501a6fc161">
    </UnitTestResult>
    <UnitTestResult executionId="7123aa9b-42d5-496b-a4ff-b2fbd7245b14" testId="59e6dfca-3962-0ca6-8e38-13896fa7c89f" testName="Product_Discount_Price_Is_Valid" computerName="ALEX-PC" duration="00:00:00.0007009" startTime="2011-09-24T21:57:22.8786062-07:00" endTime="2011-09-24T21:57:22.8886068-07:00" testType="13cdc9d9-ddb5-4fa4-a97d-d965ccfc6d4b" outcome="Passed" testListId="8c84fa94-04c1-424b-9868-57a2d4851a1d" relativeResultsDirectory="7123aa9b-42d5-496b-a4ff-b2fbd7245b14">
    </UnitTestResult>
    <UnitTestResult executionId="310993c3-93be-4623-9b6a-9bcd859fc6e7" testId="3e0b0710-a9c8-35e7-9650-856398ddf9c7" testName="CatalogRepository_Repository_Is_Not_Null" computerName="ALEX-PC" duration="00:00:00.0038244" startTime="2011-09-24T21:57:22.8956072-07:00" endTime="2011-09-24T21:57:22.9056077-07:00" testType="13cdc9d9-ddb5-4fa4-a97d-d965ccfc6d4b" outcome="Passed" testListId="8c84fa94-04c1-424b-9868-57a2d4851a1d" relativeResultsDirectory="310993c3-93be-4623-9b6a-9bcd859fc6e7">
    </UnitTestResult>
    <UnitTestResult executionId="796a776a-febf-4695-9396-0bc0fe95d5b5" testId="4045b84d-3b46-3f2a-9ef0-b22dbd3f1875" testName="CatalogService_Can_Get_Categories_From_Repository" computerName="ALEX-PC" duration="00:00:00.0009600" startTime="2011-09-24T21:57:22.9126081-07:00" endTime="2011-09-24T21:57:22.9196085-07:00" testType="13cdc9d9-ddb5-4fa4-a97d-d965ccfc6d4b" outcome="Passed" testListId="8c84fa94-04c1-424b-9868-57a2d4851a1d" relativeResultsDirectory="796a776a-febf-4695-9396-0bc0fe95d5b5">
    </UnitTestResult>
    <UnitTestResult executionId="d0fbf50c-7694-4600-b5d1-dab1915950e4" testId="c616abf1-35de-1028-dc15-a046c608af9a" testName="CatalogService_Can_Group_ParentCategories" computerName="ALEX-PC" duration="00:00:00.0343845" startTime="2011-09-24T21:57:22.9356095-07:00" endTime="2011-09-24T21:57:22.9836122-07:00" testType="13cdc9d9-ddb5-4fa4-a97d-d965ccfc6d4b" outcome="Failed" testListId="8c84fa94-04c1-424b-9868-57a2d4851a1d" relativeResultsDirectory="d0fbf50c-7694-4600-b5d1-dab1915950e4">
      <Output>
        <ErrorInfo>
          <Message>Assert.AreEqual failed. Expected:&lt;2&gt;. Actual:&lt;12&gt;. </Message>
          <StackTrace>   at RegMaster.Tests.CatalogTests.CatalogService_Can_Group_ParentCategories() in C:\Labs\MVC\RegMaster\RegMaster.Tests\Catalogtests.cs:line 69
</StackTrace>
        </ErrorInfo>
      </Output>
    </UnitTestResult>
  </Results>
</TestRun>