<?xml version="1.0" encoding="UTF-8"?>
<TestRun id="fb9430bc-855c-4b82-bf86-55cd0550b009" name="Alex@ALEX-PC 2011-09-24 21:38:50" runUser="Alex-PC\Alex" xmlns="http://microsoft.com/schemas/VisualStudio/TeamTest/2010">
  <TestSettings name="Local" id="1fdfb5ef-346c-4332-abe8-550a27ec68da">
    <Description>These are default test settings for a local test run.</Description>
    <Deployment enabled="false" runDeploymentRoot="Alex_ALEX-PC 2011-09-24 21_38_50">
      <DeploymentItem filename="C:\Labs\MVC\RegMaster\RegMaster.Services\bin\Debug\RegMaster.Services.dll" />
      <DeploymentItem filename="C:\Labs\MVC\RegMaster\RegMaster.Data\bin\Debug\RegMaster.Data.dll" />
    </Deployment>
    <Execution>
      <TestTypeSpecific />
      <AgentRule name="Execution Agents">
      </AgentRule>
    </Execution>
  </TestSettings>
  <Times creation="2011-09-24T21:38:50.7969988-07:00" queuing="2011-09-24T21:38:50.9030048-07:00" start="2011-09-24T21:38:51.0040106-07:00" finish="2011-09-24T21:38:51.5750433-07:00" />
  <ResultSummary outcome="Failed">
    <Counters total="3" executed="3" passed="2" error="0" failed="1" timeout="0" aborted="0" inconclusive="0" passedButRunAborted="0" notRunnable="0" notExecuted="0" disconnected="0" warning="0" completed="0" inProgress="0" pending="0" />
  </ResultSummary>
  <TestDefinitions>
    <UnitTest name="CatalogRepository_Repository_Is_Not_Null" storage="c:\labs\mvc\regmaster\regmaster.tests\bin\debug\regmaster.tests.dll" id="3e0b0710-a9c8-35e7-9650-856398ddf9c7">
      <Execution id="4fb26771-a699-4fa0-91de-fd3abf6691c9" />
      <TestMethod codeBase="C:/Labs/MVC/RegMaster/RegMaster.Tests/bin/Debug/RegMaster.Tests.DLL" adapterTypeName="Microsoft.VisualStudio.TestTools.TestTypes.Unit.UnitTestAdapter, Microsoft.VisualStudio.QualityTools.Tips.UnitTest.Adapter, Version=10.0.0.0, Culture=neutral, PublicKeyToken=b03f5f7f11d50a3a" className="RegMaster.Tests.CatalogTests, RegMaster.Tests, Version=1.0.0.0, Culture=neutral, PublicKeyToken=null" name="CatalogRepository_Repository_Is_Not_Null" />
    </UnitTest>
    <UnitTest name="Product_Discount_Price_Is_Valid" storage="c:\labs\mvc\regmaster\regmaster.tests\bin\debug\regmaster.tests.dll" id="59e6dfca-3962-0ca6-8e38-13896fa7c89f">
      <Execution id="b985e900-c77d-4843-bdc0-b40b60f934ed" />
      <TestMethod codeBase="C:/Labs/MVC/RegMaster/RegMaster.Tests/bin/Debug/RegMaster.Tests.DLL" adapterTypeName="Microsoft.VisualStudio.TestTools.TestTypes.Unit.UnitTestAdapter, Microsoft.VisualStudio.QualityTools.Tips.UnitTest.Adapter, Version=10.0.0.0, Culture=neutral, PublicKeyToken=b03f5f7f11d50a3a" className="RegMaster.Tests.CatalogTests, RegMaster.Tests, Version=1.0.0.0, Culture=neutral, PublicKeyToken=null" name="Product_Discount_Price_Is_Valid" />
    </UnitTest>
    <UnitTest name="Product_Discount_Amount_IsValid" storage="c:\labs\mvc\regmaster\regmaster.tests\bin\debug\regmaster.tests.dll" id="0d532201-f912-9407-3f8e-524967e4a4ac">
      <Execution id="b42e3e1f-7356-4d16-a880-89ee747d4885" />
      <TestMethod codeBase="C:/Labs/MVC/RegMaster/RegMaster.Tests/bin/Debug/RegMaster.Tests.DLL" adapterTypeName="Microsoft.VisualStudio.TestTools.TestTypes.Unit.UnitTestAdapter, Microsoft.VisualStudio.QualityTools.Tips.UnitTest.Adapter, Version=10.0.0.0, Culture=neutral, PublicKeyToken=b03f5f7f11d50a3a" className="RegMaster.Tests.CatalogTests, RegMaster.Tests, Version=1.0.0.0, Culture=neutral, PublicKeyToken=null" name="Product_Discount_Amount_IsValid" />
    </UnitTest>
  </TestDefinitions>
  <TestLists>
    <TestList name="Results Not in a List" id="8c84fa94-04c1-424b-9868-57a2d4851a1d" />
    <TestList name="All Loaded Results" id="19431567-8539-422a-85d7-44ee4e166bda" />
  </TestLists>
  <TestEntries>
    <TestEntry testId="0d532201-f912-9407-3f8e-524967e4a4ac" executionId="b42e3e1f-7356-4d16-a880-89ee747d4885" testListId="8c84fa94-04c1-424b-9868-57a2d4851a1d" />
    <TestEntry testId="59e6dfca-3962-0ca6-8e38-13896fa7c89f" executionId="b985e900-c77d-4843-bdc0-b40b60f934ed" testListId="8c84fa94-04c1-424b-9868-57a2d4851a1d" />
    <TestEntry testId="3e0b0710-a9c8-35e7-9650-856398ddf9c7" executionId="4fb26771-a699-4fa0-91de-fd3abf6691c9" testListId="8c84fa94-04c1-424b-9868-57a2d4851a1d" />
  </TestEntries>
  <Results>
    <UnitTestResult executionId="b42e3e1f-7356-4d16-a880-89ee747d4885" testId="0d532201-f912-9407-3f8e-524967e4a4ac" testName="Product_Discount_Amount_IsValid" computerName="ALEX-PC" duration="00:00:00.0274546" startTime="2011-09-24T21:38:51.0380126-07:00" endTime="2011-09-24T21:38:51.4760376-07:00" testType="13cdc9d9-ddb5-4fa4-a97d-d965ccfc6d4b" outcome="Passed" testListId="8c84fa94-04c1-424b-9868-57a2d4851a1d" relativeResultsDirectory="b42e3e1f-7356-4d16-a880-89ee747d4885">
    </UnitTestResult>
    <UnitTestResult executionId="b985e900-c77d-4843-bdc0-b40b60f934ed" testId="59e6dfca-3962-0ca6-8e38-13896fa7c89f" testName="Product_Discount_Price_Is_Valid" computerName="ALEX-PC" duration="00:00:00.0009427" startTime="2011-09-24T21:38:51.4910385-07:00" endTime="2011-09-24T21:38:51.4990389-07:00" testType="13cdc9d9-ddb5-4fa4-a97d-d965ccfc6d4b" outcome="Passed" testListId="8c84fa94-04c1-424b-9868-57a2d4851a1d" relativeResultsDirectory="b985e900-c77d-4843-bdc0-b40b60f934ed">
    </UnitTestResult>
    <UnitTestResult executionId="4fb26771-a699-4fa0-91de-fd3abf6691c9" testId="3e0b0710-a9c8-35e7-9650-856398ddf9c7" testName="CatalogRepository_Repository_Is_Not_Null" computerName="ALEX-PC" duration="00:00:00.0398909" startTime="2011-09-24T21:38:51.5050393-07:00" endTime="2011-09-24T21:38:51.5510419-07:00" testType="13cdc9d9-ddb5-4fa4-a97d-d965ccfc6d4b" outcome="Failed" testListId="8c84fa94-04c1-424b-9868-57a2d4851a1d" relativeResultsDirectory="4fb26771-a699-4fa0-91de-fd3abf6691c9">
      <Output>
        <ErrorInfo>
          <Message>Test method RegMaster.Tests.CatalogTests.CatalogRepository_Repository_Is_Not_Null threw exception: 
System.NotImplementedException: The method or operation is not implemented.</Message>
          <StackTrace>    at RegMaster.Data.Category.get_ID() in C:\Labs\MVC\RegMaster\RegMaster.Data\Category.cs:line 14
   at RegMaster.Tests.TestCatalogRepository.GetCategories() in C:\Labs\MVC\RegMaster\RegMaster.Tests\TestCatalogRepository.cs:line 28
   at RegMaster.Tests.CatalogTests.CatalogRepository_Repository_Is_Not_Null() in C:\Labs\MVC\RegMaster\RegMaster.Tests\Catalogtests.cs:line 42
</StackTrace>
        </ErrorInfo>
      </Output>
    </UnitTestResult>
  </Results>
</TestRun>