<?xml version="1.0" encoding="UTF-8"?>
<TestRun id="f6398a73-cce0-479e-ae3d-148f4c86b2ee" name="Alex@ALEX-PC 2011-09-24 22:08:09" runUser="Alex-PC\Alex" xmlns="http://microsoft.com/schemas/VisualStudio/TeamTest/2010">
  <TestSettings name="Local" id="1fdfb5ef-346c-4332-abe8-550a27ec68da">
    <Description>These are default test settings for a local test run.</Description>
    <Deployment enabled="false" runDeploymentRoot="Alex_ALEX-PC 2011-09-24 22_08_09">
      <DeploymentItem filename="C:\Labs\MVC\RegMaster\RegMaster.Services\bin\Debug\RegMaster.Services.dll" />
      <DeploymentItem filename="C:\Labs\MVC\RegMaster\RegMaster.Data\bin\Debug\RegMaster.Data.dll" />
    </Deployment>
    <Execution>
      <TestTypeSpecific />
      <AgentRule name="Execution Agents">
      </AgentRule>
    </Execution>
  </TestSettings>
  <Times creation="2011-09-24T22:08:09.3125801-07:00" queuing="2011-09-24T22:08:09.3945848-07:00" start="2011-09-24T22:08:09.4685890-07:00" finish="2011-09-24T22:08:10.1596286-07:00" />
  <ResultSummary outcome="Failed">
    <Counters total="5" executed="5" passed="4" error="0" failed="1" timeout="0" aborted="0" inconclusive="0" passedButRunAborted="0" notRunnable="0" notExecuted="0" disconnected="0" warning="0" completed="0" inProgress="0" pending="0" />
  </ResultSummary>
  <TestDefinitions>
    <UnitTest name="CatalogService_Can_Get_Categories_From_Service" storage="c:\labs\mvc\regmaster\regmaster.tests\bin\debug\regmaster.tests.dll" id="26511e76-3a56-0ee0-5b9e-4047fc9cb801">
      <Execution id="b8597b90-fc3f-4381-b9d4-c337bda4506a" />
      <TestMethod codeBase="C:/Labs/MVC/RegMaster/RegMaster.Tests/bin/Debug/RegMaster.Tests.DLL" adapterTypeName="Microsoft.VisualStudio.TestTools.TestTypes.Unit.UnitTestAdapter, Microsoft.VisualStudio.QualityTools.Tips.UnitTest.Adapter, Version=10.0.0.0, Culture=neutral, PublicKeyToken=b03f5f7f11d50a3a" className="RegMaster.Tests.CatalogTests, RegMaster.Tests, Version=1.0.0.0, Culture=neutral, PublicKeyToken=null" name="CatalogService_Can_Get_Categories_From_Service" />
    </UnitTest>
    <UnitTest name="CatalogRepository_Repository_Is_Not_Null" storage="c:\labs\mvc\regmaster\regmaster.tests\bin\debug\regmaster.tests.dll" id="3e0b0710-a9c8-35e7-9650-856398ddf9c7">
      <Execution id="97198f78-3268-4ac8-82cd-040efefad172" />
      <TestMethod codeBase="C:/Labs/MVC/RegMaster/RegMaster.Tests/bin/Debug/RegMaster.Tests.DLL" adapterTypeName="Microsoft.VisualStudio.TestTools.TestTypes.Unit.UnitTestAdapter, Microsoft.VisualStudio.QualityTools.Tips.UnitTest.Adapter, Version=10.0.0.0, Culture=neutral, PublicKeyToken=b03f5f7f11d50a3a" className="RegMaster.Tests.CatalogTests, RegMaster.Tests, Version=1.0.0.0, Culture=neutral, PublicKeyToken=null" name="CatalogRepository_Repository_Is_Not_Null" />
    </UnitTest>
    <UnitTest name="Product_Discount_Price_Is_Valid" storage="c:\labs\mvc\regmaster\regmaster.tests\bin\debug\regmaster.tests.dll" id="59e6dfca-3962-0ca6-8e38-13896fa7c89f">
      <Execution id="d12fa4fc-aaea-4ad4-b466-bdc7053ca86a" />
      <TestMethod codeBase="C:/Labs/MVC/RegMaster/RegMaster.Tests/bin/Debug/RegMaster.Tests.DLL" adapterTypeName="Microsoft.VisualStudio.TestTools.TestTypes.Unit.UnitTestAdapter, Microsoft.VisualStudio.QualityTools.Tips.UnitTest.Adapter, Version=10.0.0.0, Culture=neutral, PublicKeyToken=b03f5f7f11d50a3a" className="RegMaster.Tests.CatalogTests, RegMaster.Tests, Version=1.0.0.0, Culture=neutral, PublicKeyToken=null" name="Product_Discount_Price_Is_Valid" />
    </UnitTest>
    <UnitTest name="Product_Discount_Amount_IsValid" storage="c:\labs\mvc\regmaster\regmaster.tests\bin\debug\regmaster.tests.dll" id="0d532201-f912-9407-3f8e-524967e4a4ac">
      <Execution id="f30460ef-49de-4bca-a1b7-cc357f14cd4d" />
      <TestMethod codeBase="C:/Labs/MVC/RegMaster/RegMaster.Tests/bin/Debug/RegMaster.Tests.DLL" adapterTypeName="Microsoft.VisualStudio.TestTools.TestTypes.Unit.UnitTestAdapter, Microsoft.VisualStudio.QualityTools.Tips.UnitTest.Adapter, Version=10.0.0.0, Culture=neutral, PublicKeyToken=b03f5f7f11d50a3a" className="RegMaster.Tests.CatalogTests, RegMaster.Tests, Version=1.0.0.0, Culture=neutral, PublicKeyToken=null" name="Product_Discount_Amount_IsValid" />
    </UnitTest>
    <UnitTest name="CatalogService_Can_Group_ParentCategories" storage="c:\labs\mvc\regmaster\regmaster.tests\bin\debug\regmaster.tests.dll" id="c616abf1-35de-1028-dc15-a046c608af9a">
      <Execution id="46378268-3ce8-4591-b714-3b6108139971" />
      <TestMethod codeBase="C:/Labs/MVC/RegMaster/RegMaster.Tests/bin/Debug/RegMaster.Tests.DLL" adapterTypeName="Microsoft.VisualStudio.TestTools.TestTypes.Unit.UnitTestAdapter, Microsoft.VisualStudio.QualityTools.Tips.UnitTest.Adapter, Version=10.0.0.0, Culture=neutral, PublicKeyToken=b03f5f7f11d50a3a" className="RegMaster.Tests.CatalogTests, RegMaster.Tests, Version=1.0.0.0, Culture=neutral, PublicKeyToken=null" name="CatalogService_Can_Group_ParentCategories" />
    </UnitTest>
  </TestDefinitions>
  <TestLists>
    <TestList name="Results Not in a List" id="8c84fa94-04c1-424b-9868-57a2d4851a1d" />
    <TestList name="All Loaded Results" id="19431567-8539-422a-85d7-44ee4e166bda" />
  </TestLists>
  <TestEntries>
    <TestEntry testId="0d532201-f912-9407-3f8e-524967e4a4ac" executionId="f30460ef-49de-4bca-a1b7-cc357f14cd4d" testListId="8c84fa94-04c1-424b-9868-57a2d4851a1d" />
    <TestEntry testId="59e6dfca-3962-0ca6-8e38-13896fa7c89f" executionId="d12fa4fc-aaea-4ad4-b466-bdc7053ca86a" testListId="8c84fa94-04c1-424b-9868-57a2d4851a1d" />
    <TestEntry testId="3e0b0710-a9c8-35e7-9650-856398ddf9c7" executionId="97198f78-3268-4ac8-82cd-040efefad172" testListId="8c84fa94-04c1-424b-9868-57a2d4851a1d" />
    <TestEntry testId="c616abf1-35de-1028-dc15-a046c608af9a" executionId="46378268-3ce8-4591-b714-3b6108139971" testListId="8c84fa94-04c1-424b-9868-57a2d4851a1d" />
    <TestEntry testId="26511e76-3a56-0ee0-5b9e-4047fc9cb801" executionId="b8597b90-fc3f-4381-b9d4-c337bda4506a" testListId="8c84fa94-04c1-424b-9868-57a2d4851a1d" />
  </TestEntries>
  <Results>
    <UnitTestResult executionId="f30460ef-49de-4bca-a1b7-cc357f14cd4d" testId="0d532201-f912-9407-3f8e-524967e4a4ac" testName="Product_Discount_Amount_IsValid" computerName="ALEX-PC" duration="00:00:00.0337109" startTime="2011-09-24T22:08:09.5235922-07:00" endTime="2011-09-24T22:08:10.0496223-07:00" testType="13cdc9d9-ddb5-4fa4-a97d-d965ccfc6d4b" outcome="Passed" testListId="8c84fa94-04c1-424b-9868-57a2d4851a1d" relativeResultsDirectory="f30460ef-49de-4bca-a1b7-cc357f14cd4d">
    </UnitTestResult>
    <UnitTestResult executionId="d12fa4fc-aaea-4ad4-b466-bdc7053ca86a" testId="59e6dfca-3962-0ca6-8e38-13896fa7c89f" testName="Product_Discount_Price_Is_Valid" computerName="ALEX-PC" duration="00:00:00.0010208" startTime="2011-09-24T22:08:10.0586228-07:00" endTime="2011-09-24T22:08:10.0666232-07:00" testType="13cdc9d9-ddb5-4fa4-a97d-d965ccfc6d4b" outcome="Passed" testListId="8c84fa94-04c1-424b-9868-57a2d4851a1d" relativeResultsDirectory="d12fa4fc-aaea-4ad4-b466-bdc7053ca86a">
    </UnitTestResult>
    <UnitTestResult executionId="97198f78-3268-4ac8-82cd-040efefad172" testId="3e0b0710-a9c8-35e7-9650-856398ddf9c7" testName="CatalogRepository_Repository_Is_Not_Null" computerName="ALEX-PC" duration="00:00:00.0044161" startTime="2011-09-24T22:08:10.0746237-07:00" endTime="2011-09-24T22:08:10.0826241-07:00" testType="13cdc9d9-ddb5-4fa4-a97d-d965ccfc6d4b" outcome="Passed" testListId="8c84fa94-04c1-424b-9868-57a2d4851a1d" relativeResultsDirectory="97198f78-3268-4ac8-82cd-040efefad172">
    </UnitTestResult>
    <UnitTestResult executionId="46378268-3ce8-4591-b714-3b6108139971" testId="c616abf1-35de-1028-dc15-a046c608af9a" testName="CatalogService_Can_Group_ParentCategories" computerName="ALEX-PC" duration="00:00:00.0259707" startTime="2011-09-24T22:08:10.0866244-07:00" endTime="2011-09-24T22:08:10.1206263-07:00" testType="13cdc9d9-ddb5-4fa4-a97d-d965ccfc6d4b" outcome="Failed" testListId="8c84fa94-04c1-424b-9868-57a2d4851a1d" relativeResultsDirectory="46378268-3ce8-4591-b714-3b6108139971">
      <Output>
        <ErrorInfo>
          <Message>Assert.AreEqual failed. Expected:&lt;2&gt;. Actual:&lt;7&gt;. </Message>
          <StackTrace>   at RegMaster.Tests.CatalogTests.CatalogService_Can_Group_ParentCategories() in C:\Labs\MVC\RegMaster\RegMaster.Tests\Catalogtests.cs:line 66
</StackTrace>
        </ErrorInfo>
      </Output>
    </UnitTestResult>
    <UnitTestResult executionId="b8597b90-fc3f-4381-b9d4-c337bda4506a" testId="26511e76-3a56-0ee0-5b9e-4047fc9cb801" testName="CatalogService_Can_Get_Categories_From_Service" computerName="ALEX-PC" duration="00:00:00.0004265" startTime="2011-09-24T22:08:10.1256266-07:00" endTime="2011-09-24T22:08:10.1316270-07:00" testType="13cdc9d9-ddb5-4fa4-a97d-d965ccfc6d4b" outcome="Passed" testListId="8c84fa94-04c1-424b-9868-57a2d4851a1d" relativeResultsDirectory="b8597b90-fc3f-4381-b9d4-c337bda4506a">
    </UnitTestResult>
  </Results>
</TestRun>