<?xml version="1.0" encoding="UTF-8"?>
<TestRun id="c5a69e35-50f6-4013-adfe-5ffcf73dbfd0" name="Alex@ALEX-PC 2011-09-24 21:57:37" runUser="Alex-PC\Alex" xmlns="http://microsoft.com/schemas/VisualStudio/TeamTest/2010">
  <TestSettings name="Local" id="1fdfb5ef-346c-4332-abe8-550a27ec68da">
    <Description>These are default test settings for a local test run.</Description>
    <Deployment enabled="false" runDeploymentRoot="Alex_ALEX-PC 2011-09-24 21_57_37">
      <DeploymentItem filename="C:\Labs\MVC\RegMaster\RegMaster.Services\bin\Debug\RegMaster.Services.dll" />
      <DeploymentItem filename="C:\Labs\MVC\RegMaster\RegMaster.Data\bin\Debug\RegMaster.Data.dll" />
    </Deployment>
    <Execution>
      <TestTypeSpecific />
      <AgentRule name="Execution Agents">
      </AgentRule>
    </Execution>
  </TestSettings>
  <Times creation="2011-09-24T21:57:37.4994425-07:00" queuing="2011-09-24T21:57:37.5874475-07:00" start="2011-09-24T21:57:37.6054485-07:00" finish="2011-09-24T21:57:38.2414849-07:00" />
  <ResultSummary outcome="Failed">
    <Counters total="1" executed="1" error="0" failed="1" timeout="0" aborted="0" inconclusive="0" passedButRunAborted="0" notRunnable="0" notExecuted="0" disconnected="0" warning="0" passed="0" completed="0" inProgress="0" pending="0" />
  </ResultSummary>
  <TestDefinitions>
    <UnitTest name="CatalogService_Can_Group_ParentCategories" storage="c:\labs\mvc\regmaster\regmaster.tests\bin\debug\regmaster.tests.dll" id="c616abf1-35de-1028-dc15-a046c608af9a">
      <Execution id="d1678f75-98d1-448e-b285-8b7c75aebafa" />
      <TestMethod codeBase="C:/Labs/MVC/RegMaster/RegMaster.Tests/bin/Debug/RegMaster.Tests.DLL" adapterTypeName="Microsoft.VisualStudio.TestTools.TestTypes.Unit.UnitTestAdapter, Microsoft.VisualStudio.QualityTools.Tips.UnitTest.Adapter, Version=10.0.0.0, Culture=neutral, PublicKeyToken=b03f5f7f11d50a3a" className="RegMaster.Tests.CatalogTests, RegMaster.Tests, Version=1.0.0.0, Culture=neutral, PublicKeyToken=null" name="CatalogService_Can_Group_ParentCategories" />
    </UnitTest>
  </TestDefinitions>
  <TestLists>
    <TestList name="Results Not in a List" id="8c84fa94-04c1-424b-9868-57a2d4851a1d" />
    <TestList name="All Loaded Results" id="19431567-8539-422a-85d7-44ee4e166bda" />
  </TestLists>
  <TestEntries>
    <TestEntry testId="c616abf1-35de-1028-dc15-a046c608af9a" executionId="d1678f75-98d1-448e-b285-8b7c75aebafa" testListId="8c84fa94-04c1-424b-9868-57a2d4851a1d" />
  </TestEntries>
  <Results>
    <UnitTestResult executionId="d1678f75-98d1-448e-b285-8b7c75aebafa" testId="c616abf1-35de-1028-dc15-a046c608af9a" testName="CatalogService_Can_Group_ParentCategories" computerName="ALEX-PC" duration="00:00:00.0743293" startTime="2011-09-24T21:57:37.6574515-07:00" endTime="2011-09-24T21:57:38.2104831-07:00" testType="13cdc9d9-ddb5-4fa4-a97d-d965ccfc6d4b" outcome="Failed" testListId="8c84fa94-04c1-424b-9868-57a2d4851a1d" relativeResultsDirectory="d1678f75-98d1-448e-b285-8b7c75aebafa">
      <Output>
        <ErrorInfo>
          <Message>Assert.AreEqual failed. Expected:&lt;2&gt;. Actual:&lt;12&gt;. </Message>
          <StackTrace>   at RegMaster.Tests.CatalogTests.CatalogService_Can_Group_ParentCategories() in C:\Labs\MVC\RegMaster\RegMaster.Tests\Catalogtests.cs:line 69
</StackTrace>
        </ErrorInfo>
      </Output>
    </UnitTestResult>
  </Results>
</TestRun>