<?xml version="1.0" encoding="UTF-8"?>
<TestRun id="9afb2f02-1d77-4a6e-b6d1-7a9095311c1f" name="Alex@TOWER 2012-08-03 20:08:09" runUser="Tower\Alex" xmlns="http://microsoft.com/schemas/VisualStudio/TeamTest/2010">
  <TestSettings name="Local" id="803e2eb8-9811-4de3-8653-f3e8e434dd72">
    <Description>These are default test settings for a local test run.</Description>
    <Deployment enabled="false" runDeploymentRoot="Alex_TOWER 2012-08-03 20_08_09">
      <DeploymentItem filename="C:\Labs\eBay\Utility\Utility\bin\Debug\Utility.dll" />
    </Deployment>
    <Execution>
      <TestTypeSpecific />
      <AgentRule name="Execution Agents">
      </AgentRule>
    </Execution>
  </TestSettings>
  <Times creation="2012-08-03T20:08:09.5840891-04:00" queuing="2012-08-03T20:08:13.6173198-04:00" start="2012-08-03T20:08:13.8503331-04:00" finish="2012-08-03T20:08:15.6184343-04:00" />
  <ResultSummary outcome="Completed">
    <Counters total="1" executed="1" passed="1" error="0" failed="0" timeout="0" aborted="0" inconclusive="0" passedButRunAborted="0" notRunnable="0" notExecuted="0" disconnected="0" warning="0" completed="0" inProgress="0" pending="0" />
  </ResultSummary>
  <TestDefinitions>
    <UnitTest name="TestMethod1" storage="c:\labs\ebay\utility\utility.test\bin\debug\utility.test.dll" id="5f9347c0-35cc-1ad1-3d13-24ed0c7f58f0">
      <Execution id="49060b02-d6cd-4b02-ba9c-b70eb0e4a3d2" />
      <TestMethod codeBase="C:/Labs/eBay/Utility/Utility.Test/bin/Debug/Utility.Test.DLL" adapterTypeName="Microsoft.VisualStudio.TestTools.TestTypes.Unit.UnitTestAdapter, Microsoft.VisualStudio.QualityTools.Tips.UnitTest.Adapter, Version=10.0.0.0, Culture=neutral, PublicKeyToken=b03f5f7f11d50a3a" className="Utility.Test.UnitTest1, Utility.Test, Version=1.0.0.0, Culture=neutral, PublicKeyToken=null" name="TestMethod1" />
    </UnitTest>
  </TestDefinitions>
  <TestLists>
    <TestList name="Results Not in a List" id="8c84fa94-04c1-424b-9868-57a2d4851a1d" />
    <TestList name="All Loaded Results" id="19431567-8539-422a-85d7-44ee4e166bda" />
  </TestLists>
  <TestEntries>
    <TestEntry testId="5f9347c0-35cc-1ad1-3d13-24ed0c7f58f0" executionId="49060b02-d6cd-4b02-ba9c-b70eb0e4a3d2" testListId="8c84fa94-04c1-424b-9868-57a2d4851a1d" />
  </TestEntries>
  <Results>
    <UnitTestResult executionId="49060b02-d6cd-4b02-ba9c-b70eb0e4a3d2" testId="5f9347c0-35cc-1ad1-3d13-24ed0c7f58f0" testName="TestMethod1" computerName="TOWER" duration="00:00:00.0161530" startTime="2012-08-03T20:08:13.9243374-04:00" endTime="2012-08-03T20:08:15.5084280-04:00" testType="13cdc9d9-ddb5-4fa4-a97d-d965ccfc6d4b" outcome="Passed" testListId="8c84fa94-04c1-424b-9868-57a2d4851a1d" relativeResultsDirectory="49060b02-d6cd-4b02-ba9c-b70eb0e4a3d2">
      <Output>
        <DebugTrace>This is a test</DebugTrace>
      </Output>
    </UnitTestResult>
  </Results>
</TestRun>