<?xml version="1.0" encoding="UTF-8"?>
<TestRun id="6a7caa44-38b2-4e86-b117-d4760efb492e" name="Alex@TOWER 2012-08-03 20:19:04" runUser="Tower\Alex" xmlns="http://microsoft.com/schemas/VisualStudio/TeamTest/2010">
  <TestSettings name="Local" id="803e2eb8-9811-4de3-8653-f3e8e434dd72">
    <Description>These are default test settings for a local test run.</Description>
    <Deployment enabled="false" runDeploymentRoot="Alex_TOWER 2012-08-03 20_19_04">
      <DeploymentItem filename="C:\Labs\eBay\Utility\Utility\bin\Debug\Utility.dll" />
    </Deployment>
    <Execution>
      <TestTypeSpecific />
      <AgentRule name="Execution Agents">
      </AgentRule>
    </Execution>
  </TestSettings>
  <Times creation="2012-08-03T20:19:04.4335444-04:00" queuing="2012-08-03T20:19:05.6126118-04:00" start="2012-08-03T20:19:05.7296185-04:00" finish="2012-08-03T20:19:10.2638778-04:00" />
  <ResultSummary outcome="Completed">
    <Counters total="1" executed="1" passed="1" error="0" failed="0" timeout="0" aborted="0" inconclusive="0" passedButRunAborted="0" notRunnable="0" notExecuted="0" disconnected="0" warning="0" completed="0" inProgress="0" pending="0" />
  </ResultSummary>
  <TestDefinitions>
    <UnitTest name="TestMethod1" storage="c:\labs\ebay\utility\utility.test\bin\debug\utility.test.dll" id="5f9347c0-35cc-1ad1-3d13-24ed0c7f58f0">
      <Execution id="09d1c434-3ec6-4de6-8991-ab14710e2e6a" />
      <TestMethod codeBase="C:/Labs/eBay/Utility/Utility.Test/bin/Debug/Utility.Test.DLL" adapterTypeName="Microsoft.VisualStudio.TestTools.TestTypes.Unit.UnitTestAdapter, Microsoft.VisualStudio.QualityTools.Tips.UnitTest.Adapter, Version=10.0.0.0, Culture=neutral, PublicKeyToken=b03f5f7f11d50a3a" className="Utility.Test.UnitTest1, Utility.Test, Version=1.0.0.0, Culture=neutral, PublicKeyToken=null" name="TestMethod1" />
    </UnitTest>
  </TestDefinitions>
  <TestLists>
    <TestList name="Results Not in a List" id="8c84fa94-04c1-424b-9868-57a2d4851a1d" />
    <TestList name="All Loaded Results" id="19431567-8539-422a-85d7-44ee4e166bda" />
  </TestLists>
  <TestEntries>
    <TestEntry testId="5f9347c0-35cc-1ad1-3d13-24ed0c7f58f0" executionId="09d1c434-3ec6-4de6-8991-ab14710e2e6a" testListId="8c84fa94-04c1-424b-9868-57a2d4851a1d" />
  </TestEntries>
  <Results>
    <UnitTestResult executionId="09d1c434-3ec6-4de6-8991-ab14710e2e6a" testId="5f9347c0-35cc-1ad1-3d13-24ed0c7f58f0" testName="TestMethod1" computerName="TOWER" duration="00:00:03.1339758" startTime="2012-08-03T20:19:05.8376247-04:00" endTime="2012-08-03T20:19:10.1848733-04:00" testType="13cdc9d9-ddb5-4fa4-a97d-d965ccfc6d4b" outcome="Passed" testListId="8c84fa94-04c1-424b-9868-57a2d4851a1d" relativeResultsDirectory="09d1c434-3ec6-4de6-8991-ab14710e2e6a">
      <Output>
        <DebugTrace>8/3/2012 8:19:10 PM: {0}:	This is a test</DebugTrace>
      </Output>
    </UnitTestResult>
  </Results>
</TestRun>