<?xml version="1.0" encoding="UTF-8"?>
<TestRun id="396523ce-673f-4e58-a7fd-901d003f2685" name="Alex@TOWER 2012-08-03 20:55:42" runUser="Tower\Alex" xmlns="http://microsoft.com/schemas/VisualStudio/TeamTest/2010">
  <TestSettings name="Local" id="803e2eb8-9811-4de3-8653-f3e8e434dd72">
    <Description>These are default test settings for a local test run.</Description>
    <Deployment enabled="false" runDeploymentRoot="Alex_TOWER 2012-08-03 20_55_42">
      <DeploymentItem filename="C:\Labs\eBay\Utility\Utility\bin\Debug\Utility.dll" />
    </Deployment>
    <Execution>
      <TestTypeSpecific />
      <AgentRule name="Execution Agents">
      </AgentRule>
    </Execution>
  </TestSettings>
  <Times creation="2012-08-03T20:55:42.0812426-04:00" queuing="2012-08-03T20:55:43.3253138-04:00" start="2012-08-03T20:55:43.3783168-04:00" finish="2012-08-03T20:56:19.0043545-04:00" />
  <ResultSummary outcome="Failed">
    <Counters total="1" executed="1" error="0" failed="1" timeout="0" aborted="0" inconclusive="0" passedButRunAborted="0" notRunnable="0" notExecuted="0" disconnected="0" warning="0" passed="0" completed="0" inProgress="0" pending="0" />
  </ResultSummary>
  <TestDefinitions>
    <UnitTest name="TestMethod1" storage="c:\labs\ebay\utility\utility.test\bin\debug\utility.test.dll" id="5f9347c0-35cc-1ad1-3d13-24ed0c7f58f0">
      <Execution id="bce8524c-9632-401d-bb92-66dd86da7e5f" />
      <TestMethod codeBase="C:/Labs/eBay/Utility/Utility.Test/bin/Debug/Utility.Test.DLL" adapterTypeName="Microsoft.VisualStudio.TestTools.TestTypes.Unit.UnitTestAdapter, Microsoft.VisualStudio.QualityTools.Tips.UnitTest.Adapter, Version=10.0.0.0, Culture=neutral, PublicKeyToken=b03f5f7f11d50a3a" className="Utility.Test.UnitTest1, Utility.Test, Version=1.0.0.0, Culture=neutral, PublicKeyToken=null" name="TestMethod1" />
    </UnitTest>
  </TestDefinitions>
  <TestLists>
    <TestList name="Results Not in a List" id="8c84fa94-04c1-424b-9868-57a2d4851a1d" />
    <TestList name="All Loaded Results" id="19431567-8539-422a-85d7-44ee4e166bda" />
  </TestLists>
  <TestEntries>
    <TestEntry testId="5f9347c0-35cc-1ad1-3d13-24ed0c7f58f0" executionId="bce8524c-9632-401d-bb92-66dd86da7e5f" testListId="8c84fa94-04c1-424b-9868-57a2d4851a1d" />
  </TestEntries>
  <Results>
    <UnitTestResult executionId="bce8524c-9632-401d-bb92-66dd86da7e5f" testId="5f9347c0-35cc-1ad1-3d13-24ed0c7f58f0" testName="TestMethod1" computerName="TOWER" duration="00:00:33.8104106" startTime="2012-08-03T20:55:43.4133188-04:00" endTime="2012-08-03T20:56:18.5273272-04:00" testType="13cdc9d9-ddb5-4fa4-a97d-d965ccfc6d4b" outcome="Failed" testListId="8c84fa94-04c1-424b-9868-57a2d4851a1d" relativeResultsDirectory="bce8524c-9632-401d-bb92-66dd86da7e5f">
      <Output>
        <DebugTrace>8/3/2012 8:55:44 PM:	Starting...</DebugTrace>
        <ErrorInfo>
          <Message>Test method Utility.Test.UnitTest1.TestMethod1 threw exception: 
eBay.Service.Core.Sdk.ApiException: API application "{0}" invalid.</Message>
          <StackTrace>    at eBay.Service.Core.Sdk.ApiCall.SendRequest()
   at eBay.Service.Core.Sdk.ApiCall.Execute()
   at eBay.Service.Call.GeteBayOfficialTimeCall.GeteBayOfficialTime()
   at Utility.eBay.Run() in C:\Labs\eBay\Utility\Utility\eBay.cs:line 21
   at Utility.Test.UnitTest1.TestMethod1() in C:\Labs\eBay\Utility\Utility.Test\UnitTest1.cs:line 15
</StackTrace>
        </ErrorInfo>
      </Output>
    </UnitTestResult>
  </Results>
</TestRun>