<?xml version="1.0" encoding="UTF-8"?>
<TestRun id="a8da56bf-24b4-4ca7-a327-e9119d459064" name="Alex@ALEX-PC 2011-10-24 22:26:04" runUser="Alex-PC\Alex" xmlns="http://microsoft.com/schemas/VisualStudio/TeamTest/2010">
  <TestSettings name="Local" id="0aa6c54b-8328-4f20-b370-e7633e6dd51a">
    <Description>These are default test settings for a local test run.</Description>
    <Deployment enabled="false" runDeploymentRoot="Alex_ALEX-PC 2011-10-24 22_26_04">
      <DeploymentItem filename="C:\Labs\linq\app_1\app_1\bin\Debug\app_1.exe" />
    </Deployment>
    <Execution>
      <TestTypeSpecific />
      <AgentRule name="Execution Agents">
      </AgentRule>
    </Execution>
  </TestSettings>
  <Times creation="2011-10-24T22:26:04.7651727-07:00" queuing="2011-10-24T22:26:04.8201758-07:00" start="2011-10-24T22:26:04.8351767-07:00" finish="2011-10-24T22:26:05.0901913-07:00" />
  <ResultSummary outcome="Failed">
    <Counters total="1" executed="1" error="0" failed="1" timeout="0" aborted="0" inconclusive="0" passedButRunAborted="0" notRunnable="0" notExecuted="0" disconnected="0" warning="0" passed="0" completed="0" inProgress="0" pending="0" />
  </ResultSummary>
  <TestDefinitions>
    <UnitTest name="GetAlphabet_checks" storage="c:\labs\linq\app_1\testproject1\bin\debug\testproject1.dll" id="097c0851-1b91-b616-ba01-ae04a560a175">
      <Execution id="90ae750d-6791-4a91-82ea-7fa03e555f9f" />
      <TestMethod codeBase="C:/Labs/linq/app_1/TestProject1/bin/Debug/TestProject1.DLL" adapterTypeName="Microsoft.VisualStudio.TestTools.TestTypes.Unit.UnitTestAdapter, Microsoft.VisualStudio.QualityTools.Tips.UnitTest.Adapter, Version=10.0.0.0, Culture=neutral, PublicKeyToken=b03f5f7f11d50a3a" className="TestProject1.UnitTest1, TestProject1, Version=1.0.0.0, Culture=neutral, PublicKeyToken=null" name="GetAlphabet_checks" />
    </UnitTest>
  </TestDefinitions>
  <TestLists>
    <TestList name="Results Not in a List" id="8c84fa94-04c1-424b-9868-57a2d4851a1d" />
    <TestList name="All Loaded Results" id="19431567-8539-422a-85d7-44ee4e166bda" />
  </TestLists>
  <TestEntries>
    <TestEntry testId="097c0851-1b91-b616-ba01-ae04a560a175" executionId="90ae750d-6791-4a91-82ea-7fa03e555f9f" testListId="8c84fa94-04c1-424b-9868-57a2d4851a1d" />
  </TestEntries>
  <Results>
    <UnitTestResult executionId="90ae750d-6791-4a91-82ea-7fa03e555f9f" testId="097c0851-1b91-b616-ba01-ae04a560a175" testName="GetAlphabet_checks" computerName="ALEX-PC" duration="00:00:00.0372146" startTime="2011-10-24T22:26:04.8401770-07:00" endTime="2011-10-24T22:26:05.0751904-07:00" testType="13cdc9d9-ddb5-4fa4-a97d-d965ccfc6d4b" outcome="Failed" testListId="8c84fa94-04c1-424b-9868-57a2d4851a1d" relativeResultsDirectory="90ae750d-6791-4a91-82ea-7fa03e555f9f">
      <Output>
        <ErrorInfo>
          <Message>Assert.AreEqual failed. Expected:&lt;26&gt;. Actual:&lt;36&gt;. </Message>
          <StackTrace>   at TestProject1.UnitTest1.GetAlphabet_checks() in C:\Labs\linq\app_1\TestProject1\UnitTest1.cs:line 15
</StackTrace>
        </ErrorInfo>
      </Output>
    </UnitTestResult>
  </Results>
</TestRun>